<?xml version="1.0" encoding="UTF-8"?>
<!-- Generated by org.testng.reporters.JUnitReportReporter -->
<testsuite hostname="LTIN283668" failures="0" tests="6" name="test_Book.BaseClass" time="127.684" errors="0" timestamp="2024-03-05T21:45:52 IST" skipped="0">
  <testcase classname="test_Book.BaseClass" name="VerifyWebsite" time="20.822"/>
  <testcase classname="test_Book.BaseClass" name="displayBookShelves" time="41.116"/>
  <testcase classname="test_Book.BaseClass" name="ByAtHome" time="22.982"/>
  <testcase classname="test_Book.BaseClass" name="giftCard" time="16.612"/>
  <testcase classname="test_Book.BaseClass" name="giftCardformNegative" time="14.657"/>
  <testcase classname="test_Book.BaseClass" name="giftCardformPositive" time="11.495"/>
</testsuite> <!-- test_Book.BaseClass -->
